<?xml version="1.0" encoding="UTF-8"?>
<!-- Generated by org.testng.reporters.JUnitReportReporter -->
<testsuite hostname="IN-B1BTTN3" failures="0" tests="2" name="TestRunnerclass.TestRunner" time="3.351" errors="0" timestamp="11 Jul 2023 13:53:52 GMT" skipped="0">
  <testcase classname="TestRunnerclass.TestRunner" name="runScenario" time="0.992"/>
  <testcase classname="TestRunnerclass.TestRunner" name="runScenario" time="2.359"/>
</testsuite> <!-- TestRunnerclass.TestRunner -->
